<?xml version="1.0" encoding="UTF-8"?>
<!-- Generated by org.testng.reporters.JUnitXMLReporter -->
<testsuite ignored="2" hostname="DESKTOP-SP8UJ8Q" failures="0" tests="2" name="Test" time="38.641" errors="0" timestamp="2022-08-05T19:03:26 IST">
  <testcase classname="script.TestLogin" name="testValidLogin" time="15.737"/>
  <testcase classname="script.InvalidLogin" name="testInValidLogin" time="1.325"/>
  <testcase classname="generic.BaseTest" name="@BeforeSuite initReport" time="0.0">
    <ignored/>
  </testcase> <!-- @BeforeSuite initReport -->
  <testcase classname="generic.BaseTest" name="@AfterSuite publishReport" time="0.0">
    <ignored/>
  </testcase> <!-- @AfterSuite publishReport -->
</testsuite> <!-- Test -->
