<?xml version="1.0" encoding="UTF-8"?>
<testng-results ignored="0" total="1" passed="1" failed="0" skipped="0">
  <reporter-output>
  </reporter-output>
  <suite started-at="2022-08-05T19:59:47 IST" name="Default suite" finished-at="2022-08-05T20:00:24 IST" duration-ms="36695">
    <groups>
      <group name="smoke">
        <method signature="TestLogin.testValidLogin(java.lang.String,java.lang.String,java.lang.String)[pri:1, instance:script.TestLogin@4d5650ae]" name="testValidLogin" class="script.TestLogin"/>
      </group> <!-- smoke -->
    </groups>
    <test started-at="2022-08-05T19:59:47 IST" name="Default test" finished-at="2022-08-05T20:00:24 IST" duration-ms="36695">
      <class name="script.TestLogin">
        <test-method is-config="true" signature="initReport()[pri:0, instance:script.TestLogin@4d5650ae]" started-at="2022-08-05T19:59:47 IST" name="initReport" finished-at="2022-08-05T19:59:47 IST" duration-ms="322" status="PASS">
          <reporter-output>
          </reporter-output>
        </test-method> <!-- initReport -->
        <test-method is-config="true" signature="createTest(java.lang.reflect.Method)[pri:0, instance:script.TestLogin@4d5650ae]" started-at="2022-08-05T19:59:48 IST" name="createTest" finished-at="2022-08-05T19:59:48 IST" duration-ms="7" status="PASS">
          <params>
            <param index="0">
              <value>
                <![CDATA[public void script.TestLogin.testValidLogin(java.lang.String,java.lang.String,java.lang.String)]]>
              </value>
            </param>
          </params>
          <reporter-output>
          </reporter-output>
        </test-method> <!-- createTest -->
        <test-method is-config="true" signature="openApp(java.lang.String)[pri:0, instance:script.TestLogin@4d5650ae]" started-at="2022-08-05T19:59:48 IST" name="openApp" finished-at="2022-08-05T20:00:07 IST" duration-ms="18628" status="PASS">
          <params>
            <param index="0">
              <value>
                <![CDATA[./config.properties]]>
              </value>
            </param>
          </params>
          <reporter-output>
          </reporter-output>
        </test-method> <!-- openApp -->
        <test-method signature="testValidLogin(java.lang.String,java.lang.String,java.lang.String)[pri:1, instance:script.TestLogin@4d5650ae]" started-at="2022-08-05T20:00:07 IST" name="testValidLogin" data-provider="getData" finished-at="2022-08-05T20:00:23 IST" duration-ms="15922" status="PASS">
          <params>
            <param index="0">
              <value>
                <![CDATA[admin]]>
              </value>
            </param>
            <param index="1">
              <value>
                <![CDATA[manager]]>
              </value>
            </param>
            <param index="2">
              <value>
                <![CDATA[ actiTIME - Enter Time-Track]]>
              </value>
            </param>
          </params>
          <reporter-output>
          </reporter-output>
        </test-method> <!-- testValidLogin -->
        <test-method is-config="true" signature="closeApp(org.testng.ITestResult,java.lang.reflect.Method)[pri:0, instance:script.TestLogin@4d5650ae]" started-at="2022-08-05T20:00:23 IST" name="closeApp" finished-at="2022-08-05T20:00:24 IST" duration-ms="971" status="PASS">
          <params>
            <param index="0">
              <value>
                <![CDATA[[TestResult name=testValidLogin status=SUCCESS method=TestLogin.testValidLogin(java.lang.String,java.lang.String,java.lang.String)[pri:1, instance:script.TestLogin@4d5650ae] output={null}]]]>
              </value>
            </param>
            <param index="1">
              <value>
                <![CDATA[public void script.TestLogin.testValidLogin(java.lang.String,java.lang.String,java.lang.String)]]>
              </value>
            </param>
          </params>
          <reporter-output>
          </reporter-output>
        </test-method> <!-- closeApp -->
        <test-method is-config="true" signature="publishReport()[pri:0, instance:script.TestLogin@4d5650ae]" started-at="2022-08-05T20:00:24 IST" name="publishReport" finished-at="2022-08-05T20:00:24 IST" duration-ms="273" status="PASS">
          <reporter-output>
          </reporter-output>
        </test-method> <!-- publishReport -->
      </class> <!-- script.TestLogin -->
    </test> <!-- Default test -->
  </suite> <!-- Default suite -->
</testng-results>
