<?xml version="1.0" encoding="UTF-8"?>
<testng-results ignored="0" total="1" passed="1" failed="0" skipped="0">
  <reporter-output>
  </reporter-output>
  <suite started-at="2022-08-05T01:03:02 IST" name="Default suite" finished-at="2022-08-05T01:03:15 IST" duration-ms="13094">
    <groups>
      <group name="smoke">
        <method signature="InvalidLogin.testInValidLogin(java.lang.String,java.lang.String)[pri:2, instance:script.InvalidLogin@4d5650ae]" name="testInValidLogin" class="script.InvalidLogin"/>
      </group> <!-- smoke -->
    </groups>
    <test started-at="2022-08-05T01:03:02 IST" name="Default test" finished-at="2022-08-05T01:03:15 IST" duration-ms="13094">
      <class name="script.InvalidLogin">
        <test-method is-config="true" signature="initReport()[pri:0, instance:script.InvalidLogin@4d5650ae]" started-at="2022-08-05T01:03:02 IST" name="initReport" finished-at="2022-08-05T01:03:02 IST" duration-ms="349" status="PASS">
          <reporter-output>
          </reporter-output>
        </test-method> <!-- initReport -->
        <test-method is-config="true" signature="createTest(java.lang.reflect.Method)[pri:0, instance:script.InvalidLogin@4d5650ae]" started-at="2022-08-05T01:03:03 IST" name="createTest" finished-at="2022-08-05T01:03:03 IST" duration-ms="4" status="PASS">
          <params>
            <param index="0">
              <value>
                <![CDATA[public void script.InvalidLogin.testInValidLogin(java.lang.String,java.lang.String)]]>
              </value>
            </param>
          </params>
          <reporter-output>
          </reporter-output>
        </test-method> <!-- createTest -->
        <test-method is-config="true" signature="openApp(java.lang.String)[pri:0, instance:script.InvalidLogin@4d5650ae]" started-at="2022-08-05T01:03:03 IST" name="openApp" finished-at="2022-08-05T01:03:13 IST" duration-ms="9863" status="PASS">
          <params>
            <param index="0">
              <value>
                <![CDATA[./config.properties]]>
              </value>
            </param>
          </params>
          <reporter-output>
          </reporter-output>
        </test-method> <!-- openApp -->
        <test-method signature="testInValidLogin(java.lang.String,java.lang.String)[pri:2, instance:script.InvalidLogin@4d5650ae]" started-at="2022-08-05T01:03:13 IST" name="testInValidLogin" data-provider="getData" finished-at="2022-08-05T01:03:15 IST" duration-ms="2027" status="PASS">
          <params>
            <param index="0">
              <value>
                <![CDATA[admin]]>
              </value>
            </param>
            <param index="1">
              <value>
                <![CDATA[ma]]>
              </value>
            </param>
          </params>
          <reporter-output>
          </reporter-output>
        </test-method> <!-- testInValidLogin -->
        <test-method is-config="true" signature="closeApp(org.testng.ITestResult,java.lang.reflect.Method)[pri:0, instance:script.InvalidLogin@4d5650ae]" started-at="2022-08-05T01:03:15 IST" name="closeApp" finished-at="2022-08-05T01:03:15 IST" duration-ms="258" status="PASS">
          <params>
            <param index="0">
              <value>
                <![CDATA[[TestResult name=testInValidLogin status=SUCCESS method=InvalidLogin.testInValidLogin(java.lang.String,java.lang.String)[pri:2, instance:script.InvalidLogin@4d5650ae] output={null}]]]>
              </value>
            </param>
            <param index="1">
              <value>
                <![CDATA[public void script.InvalidLogin.testInValidLogin(java.lang.String,java.lang.String)]]>
              </value>
            </param>
          </params>
          <reporter-output>
          </reporter-output>
        </test-method> <!-- closeApp -->
        <test-method is-config="true" signature="publishReport()[pri:0, instance:script.InvalidLogin@4d5650ae]" started-at="2022-08-05T01:03:15 IST" name="publishReport" finished-at="2022-08-05T01:03:16 IST" duration-ms="436" status="PASS">
          <reporter-output>
          </reporter-output>
        </test-method> <!-- publishReport -->
      </class> <!-- script.InvalidLogin -->
    </test> <!-- Default test -->
  </suite> <!-- Default suite -->
</testng-results>
